<?xml version="1.0" encoding="UTF-8"?>
<!-- Generated by org.testng.reporters.JUnitReportReporter -->
<testsuite skipped="0" hostname="LAPTOP-ELN07JGN" name="com.SignInPage.SignInPage" tests="1" failures="0" timestamp="2020-11-16T12:47:59 IST" time="23.669" errors="0">
  <testcase name="login" time="23.669" classname="com.SignInPage.SignInPage"/>
  <system-out/>
</testsuite> <!-- com.SignInPage.SignInPage -->
